2016-03-17 16:54:09,607 DEBUG    root            Metrics collector initialized...
2016-03-17 16:54:09,609 DEBUG    root            Loaded Command Group: ['gcloud', 'components']
2016-03-17 16:54:09,611 DEBUG    root            Loaded Command Group: ['gcloud', 'components', 'update']
2016-03-17 16:54:09,612 DEBUG    root            Running gcloud.components.update with Namespace(__calliope_internal_deepest_parser=ArgumentParser(prog='gcloud.components.update', usage=None, description='Ensure that the latest version of all installed components is installed on the\nlocal workstation.', version=None, formatter_class=<class 'argparse.HelpFormatter'>, conflict_handler='error', add_help=False), account=None, allow_no_backup=True, architecture_override=None, authority_selector=None, authorization_token_file=None, cmd_func=<bound method Command.Run of <googlecloudsdk.calliope.backend.Command object at 0x7f8edc7d06d0>>, command_path=['gcloud', 'components', 'update'], component_ids=[u'core', u'bq', u'gcloud', u'gsutil'], configuration=None, credential_file_override=None, document=None, format=None, h=None, help=None, http_timeout=None, log_http=None, operating_system_override=None, project=None, quiet=True, sdk_root_override=None, snapshot_url_override=None, trace_email=None, trace_log=None, trace_token=None, user_output_enabled=None, verbosity=None, version=None).
2016-03-17 16:54:09,630 INFO     ___FILE_ONLY___ 

2016-03-17 16:54:09,630 INFO     ___FILE_ONLY___ 
Your current Cloud SDK version is: 101.0.0

2016-03-17 16:54:09,630 INFO     ___FILE_ONLY___ Installing components from version: 101.0.0

2016-03-17 16:54:09,630 INFO     ___FILE_ONLY___ 

2016-03-17 16:54:09,633 INFO     ___FILE_ONLY___ ┌────────────────────────────────────────────────────────────────────────────┐
2016-03-17 16:54:09,633 INFO     ___FILE_ONLY___ 

2016-03-17 16:54:09,633 INFO     ___FILE_ONLY___ │                    These components will be installed.                     │
2016-03-17 16:54:09,634 INFO     ___FILE_ONLY___ 

2016-03-17 16:54:09,634 INFO     ___FILE_ONLY___ ├─────────────────────────────────────────────────────┬────────────┬─────────┤
2016-03-17 16:54:09,634 INFO     ___FILE_ONLY___ 

2016-03-17 16:54:09,634 INFO     ___FILE_ONLY___ │                         Name                        │  Version   │   Size  │
2016-03-17 16:54:09,634 INFO     ___FILE_ONLY___ 

2016-03-17 16:54:09,634 INFO     ___FILE_ONLY___ ├─────────────────────────────────────────────────────┼────────────┼─────────┤
2016-03-17 16:54:09,634 INFO     ___FILE_ONLY___ 

2016-03-17 16:54:09,634 INFO     ___FILE_ONLY___ │ 
2016-03-17 16:54:09,635 INFO     ___FILE_ONLY___ BigQuery Command Line Tool                         
2016-03-17 16:54:09,635 INFO     ___FILE_ONLY___  
2016-03-17 16:54:09,635 INFO     ___FILE_ONLY___ │ 
2016-03-17 16:54:09,635 INFO     ___FILE_ONLY___     2.0.24
2016-03-17 16:54:09,635 INFO     ___FILE_ONLY___  
2016-03-17 16:54:09,635 INFO     ___FILE_ONLY___ │ 
2016-03-17 16:54:09,635 INFO     ___FILE_ONLY___ < 1 MiB
2016-03-17 16:54:09,635 INFO     ___FILE_ONLY___  
2016-03-17 16:54:09,635 INFO     ___FILE_ONLY___ │
2016-03-17 16:54:09,635 INFO     ___FILE_ONLY___ 

2016-03-17 16:54:09,635 INFO     ___FILE_ONLY___ │ 
2016-03-17 16:54:09,636 INFO     ___FILE_ONLY___ BigQuery Command Line Tool (Platform Specific)     
2016-03-17 16:54:09,636 INFO     ___FILE_ONLY___  
2016-03-17 16:54:09,636 INFO     ___FILE_ONLY___ │ 
2016-03-17 16:54:09,636 INFO     ___FILE_ONLY___     2.0.18
2016-03-17 16:54:09,636 INFO     ___FILE_ONLY___  
2016-03-17 16:54:09,636 INFO     ___FILE_ONLY___ │ 
2016-03-17 16:54:09,636 INFO     ___FILE_ONLY___ < 1 MiB
2016-03-17 16:54:09,636 INFO     ___FILE_ONLY___  
2016-03-17 16:54:09,636 INFO     ___FILE_ONLY___ │
2016-03-17 16:54:09,637 INFO     ___FILE_ONLY___ 

2016-03-17 16:54:09,637 INFO     ___FILE_ONLY___ │ 
2016-03-17 16:54:09,637 INFO     ___FILE_ONLY___ Cloud SDK Core Libraries (Platform Specific)       
2016-03-17 16:54:09,637 INFO     ___FILE_ONLY___  
2016-03-17 16:54:09,637 INFO     ___FILE_ONLY___ │ 
2016-03-17 16:54:09,637 INFO     ___FILE_ONLY___ 2016.02.05
2016-03-17 16:54:09,637 INFO     ___FILE_ONLY___  
2016-03-17 16:54:09,637 INFO     ___FILE_ONLY___ │ 
2016-03-17 16:54:09,637 INFO     ___FILE_ONLY___ < 1 MiB
2016-03-17 16:54:09,638 INFO     ___FILE_ONLY___  
2016-03-17 16:54:09,638 INFO     ___FILE_ONLY___ │
2016-03-17 16:54:09,638 INFO     ___FILE_ONLY___ 

2016-03-17 16:54:09,638 INFO     ___FILE_ONLY___ │ 
2016-03-17 16:54:09,638 INFO     ___FILE_ONLY___ Cloud Storage Command Line Tool                    
2016-03-17 16:54:09,638 INFO     ___FILE_ONLY___  
2016-03-17 16:54:09,638 INFO     ___FILE_ONLY___ │ 
2016-03-17 16:54:09,638 INFO     ___FILE_ONLY___       4.17
2016-03-17 16:54:09,638 INFO     ___FILE_ONLY___  
2016-03-17 16:54:09,639 INFO     ___FILE_ONLY___ │ 
2016-03-17 16:54:09,639 INFO     ___FILE_ONLY___ 2.6 MiB
2016-03-17 16:54:09,639 INFO     ___FILE_ONLY___  
2016-03-17 16:54:09,639 INFO     ___FILE_ONLY___ │
2016-03-17 16:54:09,639 INFO     ___FILE_ONLY___ 

2016-03-17 16:54:09,639 INFO     ___FILE_ONLY___ │ 
2016-03-17 16:54:09,639 INFO     ___FILE_ONLY___ Cloud Storage Command Line Tool (Platform Specific)
2016-03-17 16:54:09,639 INFO     ___FILE_ONLY___  
2016-03-17 16:54:09,639 INFO     ___FILE_ONLY___ │ 
2016-03-17 16:54:09,640 INFO     ___FILE_ONLY___       4.15
2016-03-17 16:54:09,640 INFO     ___FILE_ONLY___  
2016-03-17 16:54:09,640 INFO     ___FILE_ONLY___ │ 
2016-03-17 16:54:09,640 INFO     ___FILE_ONLY___ < 1 MiB
2016-03-17 16:54:09,640 INFO     ___FILE_ONLY___  
2016-03-17 16:54:09,640 INFO     ___FILE_ONLY___ │
2016-03-17 16:54:09,640 INFO     ___FILE_ONLY___ 

2016-03-17 16:54:09,640 INFO     ___FILE_ONLY___ │ 
2016-03-17 16:54:09,640 INFO     ___FILE_ONLY___ Default set of gcloud commands                     
2016-03-17 16:54:09,640 INFO     ___FILE_ONLY___  
2016-03-17 16:54:09,641 INFO     ___FILE_ONLY___ │ 
2016-03-17 16:54:09,641 INFO     ___FILE_ONLY___           
2016-03-17 16:54:09,641 INFO     ___FILE_ONLY___  
2016-03-17 16:54:09,641 INFO     ___FILE_ONLY___ │ 
2016-03-17 16:54:09,641 INFO     ___FILE_ONLY___        
2016-03-17 16:54:09,641 INFO     ___FILE_ONLY___  
2016-03-17 16:54:09,641 INFO     ___FILE_ONLY___ │
2016-03-17 16:54:09,641 INFO     ___FILE_ONLY___ 

2016-03-17 16:54:09,641 INFO     ___FILE_ONLY___ └─────────────────────────────────────────────────────┴────────────┴─────────┘
2016-03-17 16:54:09,641 INFO     ___FILE_ONLY___ 

2016-03-17 16:54:09,642 INFO     ___FILE_ONLY___ 

2016-03-17 16:54:10,351 INFO     ___FILE_ONLY___ For the latest full release notes, please visit:
  https://cloud.google.com/sdk/release_notes


2016-03-17 16:54:10,352 INFO     ___FILE_ONLY___ ╔════════════════════════════════════════════════════════════╗

2016-03-17 16:54:10,352 INFO     ___FILE_ONLY___ ╠═ Creating update staging area                             ═╣

2016-03-17 16:54:10,352 INFO     ___FILE_ONLY___ ╚
2016-03-17 16:54:10,353 INFO     ___FILE_ONLY___ ══════
2016-03-17 16:54:10,353 INFO     ___FILE_ONLY___ ══════
2016-03-17 16:54:10,353 INFO     ___FILE_ONLY___ ══════
2016-03-17 16:54:10,360 INFO     ___FILE_ONLY___ ═
2016-03-17 16:54:10,373 INFO     ___FILE_ONLY___ ═
2016-03-17 16:54:10,377 INFO     ___FILE_ONLY___ ═
2016-03-17 16:54:10,380 INFO     ___FILE_ONLY___ ═
2016-03-17 16:54:10,383 INFO     ___FILE_ONLY___ ═
2016-03-17 16:54:10,389 INFO     ___FILE_ONLY___ ═
2016-03-17 16:54:10,394 INFO     ___FILE_ONLY___ ═
2016-03-17 16:54:10,397 INFO     ___FILE_ONLY___ ═
2016-03-17 16:54:10,400 INFO     ___FILE_ONLY___ ═
2016-03-17 16:54:10,403 INFO     ___FILE_ONLY___ ═
2016-03-17 16:54:10,406 INFO     ___FILE_ONLY___ ═
2016-03-17 16:54:10,409 INFO     ___FILE_ONLY___ ═
2016-03-17 16:54:10,412 INFO     ___FILE_ONLY___ ═
2016-03-17 16:54:10,417 INFO     ___FILE_ONLY___ ═
2016-03-17 16:54:10,422 INFO     ___FILE_ONLY___ ═
2016-03-17 16:54:10,427 INFO     ___FILE_ONLY___ ═
2016-03-17 16:54:10,430 INFO     ___FILE_ONLY___ ═
2016-03-17 16:54:10,434 INFO     ___FILE_ONLY___ ═
2016-03-17 16:54:10,440 INFO     ___FILE_ONLY___ ═
2016-03-17 16:54:10,446 INFO     ___FILE_ONLY___ ═
2016-03-17 16:54:10,449 INFO     ___FILE_ONLY___ ═
2016-03-17 16:54:10,453 INFO     ___FILE_ONLY___ ═
2016-03-17 16:54:10,456 INFO     ___FILE_ONLY___ ═
2016-03-17 16:54:10,460 INFO     ___FILE_ONLY___ ═
2016-03-17 16:54:10,463 INFO     ___FILE_ONLY___ ═
2016-03-17 16:54:10,468 INFO     ___FILE_ONLY___ ═
2016-03-17 16:54:10,470 INFO     ___FILE_ONLY___ ═
2016-03-17 16:54:10,474 INFO     ___FILE_ONLY___ ═
2016-03-17 16:54:10,477 INFO     ___FILE_ONLY___ ═
2016-03-17 16:54:10,480 INFO     ___FILE_ONLY___ ═
2016-03-17 16:54:10,487 INFO     ___FILE_ONLY___ ═
2016-03-17 16:54:10,492 INFO     ___FILE_ONLY___ ═
2016-03-17 16:54:10,497 INFO     ___FILE_ONLY___ ═
2016-03-17 16:54:10,503 INFO     ___FILE_ONLY___ ═
2016-03-17 16:54:10,513 INFO     ___FILE_ONLY___ ═
2016-03-17 16:54:10,523 INFO     ___FILE_ONLY___ ═
2016-03-17 16:54:10,529 INFO     ___FILE_ONLY___ ═
2016-03-17 16:54:10,538 INFO     ___FILE_ONLY___ ═
2016-03-17 16:54:10,543 INFO     ___FILE_ONLY___ ═
2016-03-17 16:54:10,553 INFO     ___FILE_ONLY___ ═
2016-03-17 16:54:10,559 INFO     ___FILE_ONLY___ ═
2016-03-17 16:54:10,562 INFO     ___FILE_ONLY___ ═
2016-03-17 16:54:10,562 INFO     ___FILE_ONLY___ ╝
2016-03-17 16:54:10,562 INFO     ___FILE_ONLY___ ╠════════════════════════════════════════════════════════════╣

2016-03-17 16:54:10,562 INFO     ___FILE_ONLY___ ╠═ Installing: BigQuery Command Line Tool                   ═╣

2016-03-17 16:54:10,563 INFO     ___FILE_ONLY___ ╚
2016-03-17 16:54:10,579 INFO     ___FILE_ONLY___ ═
2016-03-17 16:54:10,579 INFO     ___FILE_ONLY___ ═
2016-03-17 16:54:10,580 INFO     ___FILE_ONLY___ ═
2016-03-17 16:54:10,580 INFO     ___FILE_ONLY___ ══
2016-03-17 16:54:10,580 INFO     ___FILE_ONLY___ ═
2016-03-17 16:54:10,580 INFO     ___FILE_ONLY___ ═
2016-03-17 16:54:10,581 INFO     ___FILE_ONLY___ ═
2016-03-17 16:54:10,581 INFO     ___FILE_ONLY___ ══
2016-03-17 16:54:10,581 INFO     ___FILE_ONLY___ ═
2016-03-17 16:54:10,581 INFO     ___FILE_ONLY___ ═
2016-03-17 16:54:10,582 INFO     ___FILE_ONLY___ ═
2016-03-17 16:54:10,582 INFO     ___FILE_ONLY___ ══
2016-03-17 16:54:10,582 INFO     ___FILE_ONLY___ ═
2016-03-17 16:54:10,583 INFO     ___FILE_ONLY___ ═
2016-03-17 16:54:10,583 INFO     ___FILE_ONLY___ ═
2016-03-17 16:54:10,584 INFO     ___FILE_ONLY___ ══
2016-03-17 16:54:10,584 INFO     ___FILE_ONLY___ ═
2016-03-17 16:54:10,584 INFO     ___FILE_ONLY___ ═
2016-03-17 16:54:10,584 INFO     ___FILE_ONLY___ ═
2016-03-17 16:54:10,585 INFO     ___FILE_ONLY___ ══
2016-03-17 16:54:10,585 INFO     ___FILE_ONLY___ ═
2016-03-17 16:54:10,585 INFO     ___FILE_ONLY___ ═
2016-03-17 16:54:10,585 INFO     ___FILE_ONLY___ ═
2016-03-17 16:54:10,586 INFO     ___FILE_ONLY___ ══
2016-03-17 16:54:10,607 INFO     ___FILE_ONLY___ ═
2016-03-17 16:54:10,609 INFO     ___FILE_ONLY___ ═
2016-03-17 16:54:10,611 INFO     ___FILE_ONLY___ ═
2016-03-17 16:54:10,612 INFO     ___FILE_ONLY___ ═
2016-03-17 16:54:10,612 INFO     ___FILE_ONLY___ ═
2016-03-17 16:54:10,613 INFO     ___FILE_ONLY___ ═
2016-03-17 16:54:10,614 INFO     ___FILE_ONLY___ ═
2016-03-17 16:54:10,615 INFO     ___FILE_ONLY___ ═
2016-03-17 16:54:10,615 INFO     ___FILE_ONLY___ ═
2016-03-17 16:54:10,616 INFO     ___FILE_ONLY___ ═
2016-03-17 16:54:10,617 INFO     ___FILE_ONLY___ ═
2016-03-17 16:54:10,618 INFO     ___FILE_ONLY___ ═
2016-03-17 16:54:10,619 INFO     ___FILE_ONLY___ ═
2016-03-17 16:54:10,620 INFO     ___FILE_ONLY___ ═
2016-03-17 16:54:10,621 INFO     ___FILE_ONLY___ ═
2016-03-17 16:54:10,622 INFO     ___FILE_ONLY___ ═
2016-03-17 16:54:10,624 INFO     ___FILE_ONLY___ ═
2016-03-17 16:54:10,625 INFO     ___FILE_ONLY___ ═
2016-03-17 16:54:10,626 INFO     ___FILE_ONLY___ ═
2016-03-17 16:54:10,627 INFO     ___FILE_ONLY___ ═
2016-03-17 16:54:10,628 INFO     ___FILE_ONLY___ ═
2016-03-17 16:54:10,628 INFO     ___FILE_ONLY___ ═
2016-03-17 16:54:10,629 INFO     ___FILE_ONLY___ ═
2016-03-17 16:54:10,630 INFO     ___FILE_ONLY___ ═
2016-03-17 16:54:10,630 INFO     ___FILE_ONLY___ ═
2016-03-17 16:54:10,631 INFO     ___FILE_ONLY___ ═
2016-03-17 16:54:10,632 INFO     ___FILE_ONLY___ ═
2016-03-17 16:54:10,633 INFO     ___FILE_ONLY___ ═
2016-03-17 16:54:10,634 INFO     ___FILE_ONLY___ ═
2016-03-17 16:54:10,635 INFO     ___FILE_ONLY___ ═
2016-03-17 16:54:10,635 INFO     ___FILE_ONLY___ ╝
2016-03-17 16:54:10,639 INFO     ___FILE_ONLY___ ╠════════════════════════════════════════════════════════════╣

2016-03-17 16:54:10,639 INFO     ___FILE_ONLY___ ╠═ Installing: BigQuery Command Line Tool (Platform Spec... ═╣

2016-03-17 16:54:10,640 INFO     ___FILE_ONLY___ ╚
2016-03-17 16:54:10,651 INFO     ___FILE_ONLY___ ══════════════════════════════
2016-03-17 16:54:10,652 INFO     ___FILE_ONLY___ ═══════════════
2016-03-17 16:54:10,653 INFO     ___FILE_ONLY___ ═══════════════
2016-03-17 16:54:10,653 INFO     ___FILE_ONLY___ ╝
2016-03-17 16:54:10,657 INFO     ___FILE_ONLY___ ╠════════════════════════════════════════════════════════════╣

2016-03-17 16:54:10,657 INFO     ___FILE_ONLY___ ╠═ Installing: Cloud SDK Core Libraries (Platform Specific) ═╣

2016-03-17 16:54:10,657 INFO     ___FILE_ONLY___ ╚
2016-03-17 16:54:10,669 INFO     ___FILE_ONLY___ ══════════════════════════════
2016-03-17 16:54:10,669 INFO     ___FILE_ONLY___ ══════════
2016-03-17 16:54:10,670 INFO     ___FILE_ONLY___ ═════════
2016-03-17 16:54:10,670 INFO     ___FILE_ONLY___ ═══════════
2016-03-17 16:54:10,670 INFO     ___FILE_ONLY___ ╝
2016-03-17 16:54:10,674 INFO     ___FILE_ONLY___ ╠════════════════════════════════════════════════════════════╣

2016-03-17 16:54:10,674 INFO     ___FILE_ONLY___ ╠═ Installing: Cloud Storage Command Line Tool              ═╣

2016-03-17 16:54:10,675 INFO     ___FILE_ONLY___ ╚
2016-03-17 16:54:10,697 INFO     ___FILE_ONLY___ ═
2016-03-17 16:54:10,698 INFO     ___FILE_ONLY___ ═
2016-03-17 16:54:10,699 INFO     ___FILE_ONLY___ ═
2016-03-17 16:54:10,700 INFO     ___FILE_ONLY___ ═
2016-03-17 16:54:10,702 INFO     ___FILE_ONLY___ ═
2016-03-17 16:54:10,703 INFO     ___FILE_ONLY___ ═
2016-03-17 16:54:10,705 INFO     ___FILE_ONLY___ ═
2016-03-17 16:54:10,707 INFO     ___FILE_ONLY___ ═
2016-03-17 16:54:10,709 INFO     ___FILE_ONLY___ ═
2016-03-17 16:54:10,710 INFO     ___FILE_ONLY___ ═
2016-03-17 16:54:10,712 INFO     ___FILE_ONLY___ ═
2016-03-17 16:54:10,714 INFO     ___FILE_ONLY___ ═
2016-03-17 16:54:10,714 INFO     ___FILE_ONLY___ ═
2016-03-17 16:54:10,715 INFO     ___FILE_ONLY___ ═
2016-03-17 16:54:10,715 INFO     ___FILE_ONLY___ ═
2016-03-17 16:54:10,716 INFO     ___FILE_ONLY___ ═
2016-03-17 16:54:10,716 INFO     ___FILE_ONLY___ ═
2016-03-17 16:54:10,717 INFO     ___FILE_ONLY___ ═
2016-03-17 16:54:10,717 INFO     ___FILE_ONLY___ ═
2016-03-17 16:54:10,718 INFO     ___FILE_ONLY___ ═
2016-03-17 16:54:10,718 INFO     ___FILE_ONLY___ ═
2016-03-17 16:54:10,719 INFO     ___FILE_ONLY___ ═
2016-03-17 16:54:10,719 INFO     ___FILE_ONLY___ ═
2016-03-17 16:54:10,720 INFO     ___FILE_ONLY___ ═
2016-03-17 16:54:10,720 INFO     ___FILE_ONLY___ ═
2016-03-17 16:54:10,720 INFO     ___FILE_ONLY___ ═
2016-03-17 16:54:10,721 INFO     ___FILE_ONLY___ ═
2016-03-17 16:54:10,721 INFO     ___FILE_ONLY___ ═
2016-03-17 16:54:10,722 INFO     ___FILE_ONLY___ ═
2016-03-17 16:54:10,722 INFO     ___FILE_ONLY___ ═
2016-03-17 16:54:10,899 INFO     ___FILE_ONLY___ ═
2016-03-17 16:54:10,909 INFO     ___FILE_ONLY___ ═
2016-03-17 16:54:10,921 INFO     ___FILE_ONLY___ ═
2016-03-17 16:54:10,927 INFO     ___FILE_ONLY___ ═
2016-03-17 16:54:10,934 INFO     ___FILE_ONLY___ ═
2016-03-17 16:54:10,941 INFO     ___FILE_ONLY___ ═
2016-03-17 16:54:10,948 INFO     ___FILE_ONLY___ ═
2016-03-17 16:54:10,956 INFO     ___FILE_ONLY___ ═
2016-03-17 16:54:10,965 INFO     ___FILE_ONLY___ ═
2016-03-17 16:54:10,972 INFO     ___FILE_ONLY___ ═
2016-03-17 16:54:10,981 INFO     ___FILE_ONLY___ ═
2016-03-17 16:54:10,989 INFO     ___FILE_ONLY___ ═
2016-03-17 16:54:10,997 INFO     ___FILE_ONLY___ ═
2016-03-17 16:54:11,008 INFO     ___FILE_ONLY___ ═
2016-03-17 16:54:11,016 INFO     ___FILE_ONLY___ ═
2016-03-17 16:54:11,023 INFO     ___FILE_ONLY___ ═
2016-03-17 16:54:11,028 INFO     ___FILE_ONLY___ ═
2016-03-17 16:54:11,034 INFO     ___FILE_ONLY___ ═
2016-03-17 16:54:11,041 INFO     ___FILE_ONLY___ ═
2016-03-17 16:54:11,046 INFO     ___FILE_ONLY___ ═
2016-03-17 16:54:11,051 INFO     ___FILE_ONLY___ ═
2016-03-17 16:54:11,057 INFO     ___FILE_ONLY___ ═
2016-03-17 16:54:11,063 INFO     ___FILE_ONLY___ ═
2016-03-17 16:54:11,072 INFO     ___FILE_ONLY___ ═
2016-03-17 16:54:11,079 INFO     ___FILE_ONLY___ ═
2016-03-17 16:54:11,088 INFO     ___FILE_ONLY___ ═
2016-03-17 16:54:11,095 INFO     ___FILE_ONLY___ ═
2016-03-17 16:54:11,101 INFO     ___FILE_ONLY___ ═
2016-03-17 16:54:11,107 INFO     ___FILE_ONLY___ ═
2016-03-17 16:54:11,114 INFO     ___FILE_ONLY___ ═
2016-03-17 16:54:11,114 INFO     ___FILE_ONLY___ ╝
2016-03-17 16:54:11,120 INFO     ___FILE_ONLY___ ╠════════════════════════════════════════════════════════════╣

2016-03-17 16:54:11,120 INFO     ___FILE_ONLY___ ╠═ Installing: Cloud Storage Command Line Tool (Platform... ═╣

2016-03-17 16:54:11,120 INFO     ___FILE_ONLY___ ╚
2016-03-17 16:54:11,133 INFO     ___FILE_ONLY___ ══════════════════════════════
2016-03-17 16:54:11,134 INFO     ___FILE_ONLY___ ═══════════════
2016-03-17 16:54:11,134 INFO     ___FILE_ONLY___ ═══════════════
2016-03-17 16:54:11,134 INFO     ___FILE_ONLY___ ╝
2016-03-17 16:54:11,139 INFO     ___FILE_ONLY___ ╠════════════════════════════════════════════════════════════╣

2016-03-17 16:54:11,139 INFO     ___FILE_ONLY___ ╠═ Installing: Default set of gcloud commands               ═╣

2016-03-17 16:54:11,139 INFO     ___FILE_ONLY___ ╚
2016-03-17 16:54:11,142 INFO     ___FILE_ONLY___ ════════════════════════════════════════════════════════════
2016-03-17 16:54:11,143 INFO     ___FILE_ONLY___ ╝
2016-03-17 16:54:11,143 INFO     ___FILE_ONLY___ ╠════════════════════════════════════════════════════════════╣

2016-03-17 16:54:11,143 INFO     ___FILE_ONLY___ ╠═ Creating backup and activating new installation          ═╣

2016-03-17 16:54:11,143 INFO     ___FILE_ONLY___ ╚
2016-03-17 16:54:11,143 DEBUG    root            Attempting to move directory [/home/daniel/google-cloud-sdk] to [/home/daniel/google-cloud-sdk.staging/.install/.backup]
2016-03-17 16:54:11,143 INFO     ___FILE_ONLY___ ══════════════════════════════
2016-03-17 16:54:11,144 DEBUG    root            Attempting to move directory [/home/daniel/google-cloud-sdk.staging] to [/home/daniel/google-cloud-sdk]
2016-03-17 16:54:11,144 INFO     ___FILE_ONLY___ ══════════════════════════════
2016-03-17 16:54:11,144 INFO     ___FILE_ONLY___ ╝

2016-03-17 16:54:11,160 DEBUG    root            Updating notification cache...
2016-03-17 16:54:11,161 INFO     ___FILE_ONLY___ 

2016-03-17 16:54:11,161 INFO     ___FILE_ONLY___ Performing post processing steps...
2016-03-17 16:54:11,161 DEBUG    root            Executing command: ['/usr/bin/python', '-S', u'/home/daniel/google-cloud-sdk/lib/gcloud.py', u'components', u'post-process']
2016-03-17 16:54:14,844 DEBUG    ___FILE_ONLY___ Compiling /home/daniel/google-cloud-sdk/platform/gsutil/third_party/httplib2/python3/httplib2/__init__.py ...
  File "/home/daniel/google-cloud-sdk/platform/gsutil/third_party/httplib2/python3/httplib2/__init__.py", line 347
    print('%s:' % h, end=' ', file=self._fp)
                        ^
SyntaxError: invalid syntax


2016-03-17 16:54:14,844 DEBUG    ___FILE_ONLY___ 
2016-03-17 16:54:14,845 INFO     ___FILE_ONLY___ 
Update done!


2016-03-17 16:54:14,846 WARNING  root            There are older versions of Google Cloud Platform tools on your system PATH.
Please remove the following to avoid accidentally invoking these old tools:

/usr/bin/git-credential-gcloud.sh
/usr/bin/bq
/usr/bin/gcloud
/usr/bin/gsutil


2016-03-17 16:54:14,846 INFO     root            Display format "none".
2016-03-17 16:54:25,201 DEBUG    root            Metrics reporting process started...
