2016-03-17 19:19:44,976 DEBUG    root            Loaded Command Group: ['gcloud', 'init']
2016-03-17 19:19:44,978 DEBUG    root            Running gcloud.init with Namespace(__calliope_internal_deepest_parser=ArgumentParser(prog='gcloud.init', usage=None, description='Initialize or reinitialize gcloud.', version=None, formatter_class=<class 'argparse.HelpFormatter'>, conflict_handler='error', add_help=False), account=None, authority_selector=None, authorization_token_file=None, cmd_func=<bound method Command.Run of <googlecloudsdk.calliope.backend.Command object at 0x7f4a798a7090>>, command_path=['gcloud', 'init'], configuration=None, console_only=False, credential_file_override=None, document=None, format=None, h=None, help=None, http_timeout=None, log_http=None, obsolete_project_arg=None, project=None, quiet=None, trace_email=None, trace_log=None, trace_token=None, user_output_enabled=None, verbosity=None, version=None).
2016-03-17 19:19:44,978 INFO     ___FILE_ONLY___ Welcome! This command will take you through the configuration of gcloud.


2016-03-17 19:19:44,979 DEBUG    root            Loaded Command Group: ['gcloud', 'config']
2016-03-17 19:19:44,982 DEBUG    root            Loaded Command Group: ['gcloud', 'config', 'configurations']
2016-03-17 19:19:44,983 DEBUG    root            Loaded Command Group: ['gcloud', 'config', 'configurations', 'list']
2016-03-17 19:19:44,984 INFO     root            Executing: [gcloud config configurations list]
2016-03-17 19:19:44,984 DEBUG    root            Running gcloud.config.configurations.list with Namespace(__calliope_internal_deepest_parser=ArgumentParser(prog='gcloud.config.configurations.list', usage=None, description='Lists existing named configurations.', version=None, formatter_class=<class 'argparse.HelpFormatter'>, conflict_handler='error', add_help=False), account=None, authority_selector=None, authorization_token_file=None, cmd_func=<bound method Command.Run of <googlecloudsdk.calliope.backend.Command object at 0x7f4a79805b50>>, command_path=['gcloud', 'config', 'configurations', 'list'], configuration=None, credential_file_override=None, document=None, format=None, h=None, help=None, http_timeout=None, log_http=None, project=None, quiet=None, trace_email=None, trace_log=None, trace_token=None, user_output_enabled='false', verbosity='none', version=None).
2016-03-17 19:19:44,985 INFO     root            Display disabled.
2016-03-17 19:19:44,986 INFO     ___FILE_ONLY___ Settings from your current configuration [default] are:

2016-03-17 19:19:44,987 DEBUG    root            Loaded Command Group: ['gcloud', 'config', 'list']
2016-03-17 19:19:44,988 DEBUG    root            Running gcloud.config.list with Namespace(__calliope_internal_deepest_parser=ArgumentParser(prog='gcloud.config.list', usage=None, description='Lists all properties in your active configuration. These include the\naccount used to authorize access to the Cloud Platform, the current Cloud\nPlatform project, and the default Compute Engine region and zone, if set. See\n`gcloud topic configurations` for more information.', version=None, formatter_class=<class 'argparse.HelpFormatter'>, conflict_handler='error', add_help=False), account=None, all=False, authority_selector=None, authorization_token_file=None, cmd_func=<bound method Command.Run of <googlecloudsdk.calliope.backend.Command object at 0x7f4a7978d8d0>>, command_path=['gcloud', 'config', 'list'], configuration=None, credential_file_override=None, document=None, format=None, h=None, help=None, http_timeout=None, log_http=None, project=None, property=None, quiet=None, trace_email=None, trace_log=None, trace_token=None, user_output_enabled=None, verbosity=None, version=None).
2016-03-17 19:19:44,989 INFO     ___FILE_ONLY___ Your active configuration is: [default]


2016-03-17 19:19:45,014 INFO     root            Explict Display.
2016-03-17 19:19:45,014 INFO     ___FILE_ONLY___ [core]

2016-03-17 19:19:45,015 INFO     ___FILE_ONLY___ account = 143110130412-compute@developer.gserviceaccount.com

2016-03-17 19:19:45,015 INFO     ___FILE_ONLY___ disable_usage_reporting = False

2016-03-17 19:19:45,015 INFO     ___FILE_ONLY___ project = medsis-insight

2016-03-17 19:19:45,015 INFO     ___FILE_ONLY___ [metrics]

2016-03-17 19:19:45,015 INFO     ___FILE_ONLY___ command_name = gcloud.config.list

2016-03-17 19:19:45,016 INFO     ___FILE_ONLY___ 

2016-03-17 19:19:45,017 INFO     ___FILE_ONLY___ You can use [gcloud config] to change more gcloud settings.


2016-03-17 19:19:45,017 DEBUG    root            Running gcloud.config.list with Namespace(__calliope_internal_deepest_parser=ArgumentParser(prog='gcloud.config.list', usage=None, description='Lists all properties in your active configuration. These include the\naccount used to authorize access to the Cloud Platform, the current Cloud\nPlatform project, and the default Compute Engine region and zone, if set. See\n`gcloud topic configurations` for more information.', version=None, formatter_class=<class 'argparse.HelpFormatter'>, conflict_handler='error', add_help=False), account=None, all=False, authority_selector=None, authorization_token_file=None, cmd_func=<bound method Command.Run of <googlecloudsdk.calliope.backend.Command object at 0x7f4a7978d8d0>>, command_path=['gcloud', 'config', 'list'], configuration=None, credential_file_override=None, document=None, format=None, h=None, help=None, http_timeout=None, log_http=None, project=None, property=None, quiet=None, trace_email=None, trace_log=None, trace_token=None, user_output_enabled=None, verbosity=None, version=None).
2016-03-17 19:19:45,018 INFO     ___FILE_ONLY___ Your active configuration is: [default]


2016-03-17 19:19:45,057 INFO     root            Explict Display.
2016-03-17 19:19:45,057 INFO     ___FILE_ONLY___ [core]

2016-03-17 19:19:45,057 INFO     ___FILE_ONLY___ account = 143110130412-compute@developer.gserviceaccount.com

2016-03-17 19:19:45,058 INFO     ___FILE_ONLY___ disable_usage_reporting = False

2016-03-17 19:19:45,058 INFO     ___FILE_ONLY___ project = medsis-insight

2016-03-17 19:19:45,058 INFO     ___FILE_ONLY___ [metrics]

2016-03-17 19:19:45,058 INFO     ___FILE_ONLY___ command_name = gcloud.config.list

2016-03-17 19:19:45,059 INFO     root            Display format "default".
2016-03-17 19:19:45,095 DEBUG    root            Metrics reporting process started...
